<testsuite errors="0" failures="1" name="Django Project Tests" skips="0" tests="9" time="1.653"><testcase classname="contacts.test.test_views.ExportContactViewTest" name="test_archive_photo_export" time="0.180456"><failure message="'attachment; filename=photo.zip' != 'attachment; filename = photos.zip'&#10;- attachment; filename=photo.zip&#10;+ attachment; filename = photos.zip&#10;?                     + +     +&#10;" type="builtins.AssertionError">Traceback (most recent call last):
  File "/home/forward/.virtualenvs/mycontacts/contacts/test/test_views.py", line 433, in test_archive_photo_export
    self.assertEqual(resp.get('Content-Disposition'), _content)
AssertionError: 'attachment; filename=photo.zip' != 'attachment; filename = photos.zip'
- attachment; filename=photo.zip
+ attachment; filename = photos.zip
?                     + +     +

</failure></testcase><testcase classname="contacts.test.test_views.ExportContactViewTest" name="test_correct_template_used" time="0.159634" /><testcase classname="contacts.test.test_views.ExportContactViewTest" name="test_correct_view_used" time="0.131278" /><testcase classname="contacts.test.test_views.ExportContactViewTest" name="test_csrf_token_in_response" time="0.154371" /><testcase classname="contacts.test.test_views.ExportContactViewTest" name="test_csv_export_successful" time="0.153766" /><testcase classname="contacts.test.test_views.ExportContactViewTest" name="test_html_export_successful" time="0.171520" /><testcase classname="contacts.test.test_views.ExportContactViewTest" name="test_response_status_for_anonymous_user" time="0.137378" /><testcase classname="contacts.test.test_views.ExportContactViewTest" name="test_response_status_for_logged_in_user" time="0.134040" /><testcase classname="contacts.test.test_views.ExportContactViewTest" name="test_xls_export_successful" time="0.152951" /></testsuite>