<testsuite errors="0" failures="0" name="Django Project Tests" skips="0" tests="85" time="10.179"><testcase classname="mycontacts.api.test.test.ContactDetailViewTests" name="test_authorized_user_delete_access" time="0.117414" /><testcase classname="mycontacts.api.test.test.ContactDetailViewTests" name="test_authorized_user_read_access" time="0.100474" /><testcase classname="mycontacts.api.test.test.ContactDetailViewTests" name="test_authorized_user_update_access" time="0.078675" /><testcase classname="mycontacts.api.test.test.ContactDetailViewTests" name="test_not_authorized_user_read_access" time="0.073535" /><testcase classname="mycontacts.api.test.test.ContactListViewTests" name="test_create_contact" time="0.071201" /><testcase classname="mycontacts.api.test.test.ContactListViewTests" name="test_logged_in_user_contact_list" time="0.086057" /><testcase classname="mycontacts.api.test.test.ContactListViewTests" name="test_logged_out_user_response" time="0.002843" /><testcase classname="mycontacts.contacts.test.test_forms.TestContactForm" name="test_contact_form_has_fields" time="0.001483" /><testcase classname="mycontacts.contacts.test.test_forms.TestContactForm" name="test_meta_settings" time="0.001030" /><testcase classname="mycontacts.contacts.test.test_forms.TestContactPhotoForm" name="test_clean_photo" time="0.007587" /><testcase classname="mycontacts.contacts.test.test_forms.TestContactPhotoForm" name="test_clean_photo_large" time="0.006396" /><testcase classname="mycontacts.contacts.test.test_forms.TestContactPhotoForm" name="test_meta_settings" time="0.000224" /><testcase classname="mycontacts.contacts.test.test_forms.TestImportFileFolderForm" name="test_form_has_fields" time="0.002077" /><testcase classname="mycontacts.contacts.test.test_forms.TestUserSignUpForm" name="test_form_has_fields" time="0.001130" /><testcase classname="mycontacts.contacts.test.test_models.TestContactModel" name="test_mobile_validator" time="0.005790" /><testcase classname="mycontacts.contacts.test.test_models.TestContactModel" name="test_str_override" time="0.004934" /><testcase classname="mycontacts.contacts.test.test_models.TestContactPhotoModel" name="test_create_thumbnail" time="0.023662" /><testcase classname="mycontacts.contacts.test.test_views.ContactListViewTest" name="test_correct_ordering" time="0.133646" /><testcase classname="mycontacts.contacts.test.test_views.ContactListViewTest" name="test_logged_in_user_see_his_her_contact_list" time="0.157710" /><testcase classname="mycontacts.contacts.test.test_views.ContactListViewTest" name="test_not_logged_in_users_redirect" time="0.022615" /><testcase classname="mycontacts.contacts.test.test_views.ContactListViewTest" name="test_response_status_login_page" time="0.012441" /><testcase classname="mycontacts.contacts.test.test_views.ContactListViewTest" name="test_used_template_and_context_usage" time="0.116365" /><testcase classname="mycontacts.contacts.test.test_views.DublicateListViewTest" name="test_correct_context_contain" time="0.122761" /><testcase classname="mycontacts.contacts.test.test_views.DublicateListViewTest" name="test_correct_template_used" time="0.115518" /><testcase classname="mycontacts.contacts.test.test_views.DublicateListViewTest" name="test_correct_view_used" time="0.102609" /><testcase classname="mycontacts.contacts.test.test_views.DublicateListViewTest" name="test_csrf_token_in_response" time="0.111727" /><testcase classname="mycontacts.contacts.test.test_views.DublicateListViewTest" name="test_dublicate_objects_creating" time="0.197059" /><testcase classname="mycontacts.contacts.test.test_views.DublicateListViewTest" name="test_logged_in_user_status" time="0.118809" /><testcase classname="mycontacts.contacts.test.test_views.DublicateListViewTest" name="test_merge_dublicate_view" time="0.221119" /><testcase classname="mycontacts.contacts.test.test_views.DublicateListViewTest" name="test_not_logged_user_redirect" time="0.058513" /><testcase classname="mycontacts.contacts.test.test_views.EditContactViewTest" name="test_call_view_redirect_anonymous_user" time="0.020046" /><testcase classname="mycontacts.contacts.test.test_views.EditContactViewTest" name="test_correct_template_used" time="0.118412" /><testcase classname="mycontacts.contacts.test.test_views.EditContactViewTest" name="test_logged_in_user_correct_contact" time="0.152792" /><testcase classname="mycontacts.contacts.test.test_views.EditContactViewTest" name="test_logged_in_user_edit_wrong_contact" time="0.072101" /><testcase classname="mycontacts.contacts.test.test_views.EditContactViewTest" name="test_logged_in_user_isnot_owner_contact" time="0.082241" /><testcase classname="mycontacts.contacts.test.test_views.ExportContactViewTest" name="test_correct_template_used" time="0.185023" /><testcase classname="mycontacts.contacts.test.test_views.ExportContactViewTest" name="test_correct_view_used" time="0.136294" /><testcase classname="mycontacts.contacts.test.test_views.ExportContactViewTest" name="test_csrf_token_in_response" time="0.151380" /><testcase classname="mycontacts.contacts.test.test_views.ExportContactViewTest" name="test_csv_export_successful" time="0.351114" /><testcase classname="mycontacts.contacts.test.test_views.ExportContactViewTest" name="test_html_export_successful" time="0.204003" /><testcase classname="mycontacts.contacts.test.test_views.ExportContactViewTest" name="test_response_status_for_anonymous_user" time="0.156655" /><testcase classname="mycontacts.contacts.test.test_views.ExportContactViewTest" name="test_response_status_for_logged_in_user" time="0.163398" /><testcase classname="mycontacts.contacts.test.test_views.ExportContactViewTest" name="test_xls_export_successful" time="0.215308" /><testcase classname="mycontacts.contacts.test.test_views.ImportContactViewTest" name="test_correct_template_used" time="0.087652" /><testcase classname="mycontacts.contacts.test.test_views.ImportContactViewTest" name="test_correct_view_used" time="0.000707" /><testcase classname="mycontacts.contacts.test.test_views.ImportContactViewTest" name="test_csrf_token_in_response" time="0.082786" /><testcase classname="mycontacts.contacts.test.test_views.ImportContactViewTest" name="test_csv_import_successful" time="0.133939" /><testcase classname="mycontacts.contacts.test.test_views.ImportContactViewTest" name="test_download_csv_template_successful" time="0.000150" /><testcase classname="mycontacts.contacts.test.test_views.ImportContactViewTest" name="test_download_xls_template_successful" time="0.000124" /><testcase classname="mycontacts.contacts.test.test_views.ImportContactViewTest" name="test_download_xlsx_template_successful" time="0.000109" /><testcase classname="mycontacts.contacts.test.test_views.ImportContactViewTest" name="test_large_archive_import_fail" time="0.000123" /><testcase classname="mycontacts.contacts.test.test_views.ImportContactViewTest" name="test_response_status_for_anonymous_user" time="0.014969" /><testcase classname="mycontacts.contacts.test.test_views.ImportContactViewTest" name="test_response_status_for_logged_in_user" time="0.085335" /><testcase classname="mycontacts.contacts.test.test_views.ImportContactViewTest" name="test_tar_archive_import_successful" time="0.388324" /><testcase classname="mycontacts.contacts.test.test_views.ImportContactViewTest" name="test_targz_archive_import_successful" time="0.375377" /><testcase classname="mycontacts.contacts.test.test_views.ImportContactViewTest" name="test_xls_import_successful" time="0.125772" /><testcase classname="mycontacts.contacts.test.test_views.ImportContactViewTest" name="test_xlsx_import_successful" time="0.140466" /><testcase classname="mycontacts.contacts.test.test_views.ImportContactViewTest" name="test_zip_archive_import_successful" time="0.364367" /><testcase classname="mycontacts.contacts.test.test_views.InvalidSignupTests" name="test_dont_create_user" time="0.027691" /><testcase classname="mycontacts.contacts.test.test_views.InvalidSignupTests" name="test_form_contain_errors" time="0.019773" /><testcase classname="mycontacts.contacts.test.test_views.InvalidSignupTests" name="test_profile_created_after_user_creation" time="0.167427" /><testcase classname="mycontacts.contacts.test.test_views.InvalidSignupTests" name="test_signup_status_code" time="0.026915" /><testcase classname="mycontacts.contacts.test.test_views.InvalidSignupTests" name="test_status_code_used_template" time="0.037637" /><testcase classname="mycontacts.contacts.test.test_views.NewContactViewTest" name="test_get_view_redirect_anonymous_user" time="0.020348" /><testcase classname="mycontacts.contacts.test.test_views.NewContactViewTest" name="test_get_view_response_status_for_logged_in_user" time="0.092756" /><testcase classname="mycontacts.contacts.test.test_views.NewContactViewTest" name="test_logged_in_user_success_status" time="0.095683" /><testcase classname="mycontacts.contacts.test.test_views.NewContactViewTest" name="test_validate_correct_data_with_photo" time="0.089951" /><testcase classname="mycontacts.contacts.test.test_views.NewContactViewTest" name="test_view_contain_csrf" time="0.092689" /><testcase classname="mycontacts.contacts.test.test_views.NewContactViewTest" name="test_view_invalid_wrong_post_data" time="0.111592" /><testcase classname="mycontacts.contacts.test.test_views.NewContactViewTest" name="test_view_redirect_after_post_valid_data" time="0.103910" /><testcase classname="mycontacts.contacts.test.test_views.NewContactViewTest" name="test_view_use_correct_template_url_resolving" time="0.090298" /><testcase classname="mycontacts.contacts.test.test_views.RemoveContactViewTest" name="test_anonymous_user_redirection" time="0.058207" /><testcase classname="mycontacts.contacts.test.test_views.RemoveContactViewTest" name="test_correct_view_is_called" time="0.041525" /><testcase classname="mycontacts.contacts.test.test_views.RemoveContactViewTest" name="test_file_deleting_after_contact_deleted" time="0.133553" /><testcase classname="mycontacts.contacts.test.test_views.RemoveContactViewTest" name="test_not_owner_user_redirection" time="0.180952" /><testcase classname="mycontacts.contacts.test.test_views.RemoveContactViewTest" name="test_response_status" time="0.132013" /><testcase classname="mycontacts.contacts.test.test_views.RemoveContactViewTest" name="test_successful_removing" time="0.114984" /><testcase classname="mycontacts.contacts.test.test_views.RemoveContactViewTest" name="test_trying_delete_not_existing_contact" time="0.053494" /><testcase classname="mycontacts.contacts.test.test_views.SignUpViewTest" name="test_csrf_exist_in_resp" time="0.021281" /><testcase classname="mycontacts.contacts.test.test_views.SignUpViewTest" name="test_form_exist_in_resp" time="0.018233" /><testcase classname="mycontacts.contacts.test.test_views.SignUpViewTest" name="test_signup_correct_func" time="0.020861" /><testcase classname="mycontacts.contacts.test.test_views.SignUpViewTest" name="test_signup_response_status" time="0.022157" /><testcase classname="mycontacts.contacts.test.test_views.SuccessfulSignupTests" name="test_user_authentication" time="0.117339" /><testcase classname="mycontacts.contacts.test.test_views.SuccessfulSignupTests" name="test_user_creation" time="0.112116" /><testcase classname="mycontacts.contacts.test.test_views.SuccessfulSignupTests" name="test_user_redirection" time="0.120049" /></testsuite>